<?xml version="1.0" encoding="UTF-8"?>
<!-- Generated by org.testng.reporters.JUnitReportReporter -->
<testsuite hostname="LAPTOP-0N0HKOS9" failures="0" tests="1" name="com.pyxissocial.automation.tests.RegistrationTest" time="4.648" errors="0" timestamp="2021-01-06T22:14:56 IST" skipped="0">
  <testcase classname="com.pyxissocial.automation.tests.RegistrationTest" name="userRegistrationTest" time="4.648"/>
  <system-out/>
</testsuite> <!-- com.pyxissocial.automation.tests.RegistrationTest -->
